<<<<<<< Updated upstream
2025-06-14 10:25:47,713 - INFO - Starting S&P 500 analysis...
2025-06-14 10:25:47,713 - INFO - Fetching S&P 500 ticker list from Wikipedia...
2025-06-14 10:25:48,060 - INFO - Successfully retrieved 503 S&P 500 tickers
2025-06-14 10:25:53,803 - INFO - Processed 50/503 stocks...
2025-06-14 10:25:58,875 - INFO - Processed 100/503 stocks...
2025-06-14 10:26:03,884 - INFO - Processed 150/503 stocks...
2025-06-14 10:26:08,894 - INFO - Processed 200/503 stocks...
2025-06-14 10:26:13,904 - INFO - Processed 250/503 stocks...
2025-06-14 10:26:18,913 - INFO - Processed 300/503 stocks...
2025-06-14 10:26:23,923 - INFO - Processed 350/503 stocks...
2025-06-14 10:26:28,933 - INFO - Processed 400/503 stocks...
2025-06-14 10:26:33,943 - INFO - Processed 450/503 stocks...
2025-06-14 10:26:38,957 - INFO - Processed 500/503 stocks...
2025-06-14 10:26:39,797 - INFO - Results saved to sp500_drops_20250614_102639.csv
=======
2025-06-13 20:38:01,831 - INFO - Starting S&P 500 analysis...
2025-06-13 20:38:01,831 - INFO - Fetching S&P 500 ticker list from Wikipedia...
2025-06-13 20:38:02,223 - INFO - Successfully retrieved 503 S&P 500 tickers
2025-06-13 20:38:02,225 - INFO - Failed to create TzCache, reason: Error creating TzCache folder: '/root/.cache/py-yfinance' reason: [Errno 17] File exists: '/root/.cache/py-yfinance'. TzCache will not be used. Tip: You can direct cache to use a different location with 'set_tz_cache_location(mylocation)'
2025-06-13 20:38:02,225 - INFO - Failed to create TzCache, reason: Error creating TzCache folder: '/root/.cache/py-yfinance' reason: [Errno 17] File exists: '/root/.cache/py-yfinance'. TzCache will not be used. Tip: You can direct cache to use a different location with 'set_tz_cache_location(mylocation)'
2025-06-13 20:38:02,225 - INFO - Failed to create TzCache, reason: Error creating TzCache folder: '/root/.cache/py-yfinance' reason: [Errno 17] File exists: '/root/.cache/py-yfinance'. TzCache will not be used. Tip: You can direct cache to use a different location with 'set_tz_cache_location(mylocation)'
2025-06-13 20:38:08,338 - INFO - Processed 50/503 stocks...
2025-06-13 20:38:13,371 - INFO - Processed 100/503 stocks...
2025-06-13 20:38:18,380 - INFO - Processed 150/503 stocks...
2025-06-13 20:38:23,389 - INFO - Processed 200/503 stocks...
2025-06-13 20:38:28,398 - INFO - Processed 250/503 stocks...
2025-06-13 20:38:33,407 - INFO - Processed 300/503 stocks...
2025-06-13 20:38:38,416 - INFO - Processed 350/503 stocks...
2025-06-13 20:38:43,425 - INFO - Processed 400/503 stocks...
2025-06-13 20:38:48,434 - INFO - Processed 450/503 stocks...
2025-06-13 20:38:53,444 - INFO - Processed 500/503 stocks...
2025-06-13 20:42:08,012 - INFO - Starting S&P 500 analysis...
2025-06-13 20:42:08,013 - INFO - Fetching S&P 500 ticker list from Wikipedia...
2025-06-13 20:42:08,310 - INFO - Successfully retrieved 503 S&P 500 tickers
2025-06-13 20:42:13,524 - INFO - Processed 50/503 stocks...
2025-06-13 20:42:18,552 - INFO - Processed 100/503 stocks...
2025-06-13 20:42:23,576 - INFO - Processed 150/503 stocks...
2025-06-13 20:42:28,586 - INFO - Processed 200/503 stocks...
2025-06-13 20:42:33,595 - INFO - Processed 250/503 stocks...
2025-06-13 20:42:38,605 - INFO - Processed 300/503 stocks...
2025-06-13 20:42:43,614 - INFO - Processed 350/503 stocks...
2025-06-13 20:42:48,624 - INFO - Processed 400/503 stocks...
2025-06-13 20:42:53,633 - INFO - Processed 450/503 stocks...
2025-06-13 20:42:58,642 - INFO - Processed 500/503 stocks...
2025-06-13 20:42:59,506 - INFO - Results saved to sp500_drops_20250613_204259.csv
>>>>>>> Stashed changes
